<?xml version="1.0" encoding="UTF-8"?>
<testng-results skipped="0" failed="0" ignored="0" total="2" passed="2">
  <reporter-output>
  </reporter-output>
  <suite name="Default suite" duration-ms="3631" started-at="2022-07-28T14:49:54 CDT" finished-at="2022-07-28T14:49:57 CDT">
    <groups>
    </groups>
    <test name="Default test" duration-ms="3631" started-at="2022-07-28T14:49:54 CDT" finished-at="2022-07-28T14:49:57 CDT">
      <class name="testCases.DeleteOneProduct">
        <test-method status="PASS" signature="deleteOneProduct()[pri:1, instance:testCases.DeleteOneProduct@c46bcd4]" name="deleteOneProduct" duration-ms="3195" started-at="2022-07-28T14:49:54 CDT" finished-at="2022-07-28T14:49:57 CDT">
          <reporter-output>
          </reporter-output>
        </test-method> <!-- deleteOneProduct -->
        <test-method status="PASS" signature="validateDeletedProductDetails()[pri:2, instance:testCases.DeleteOneProduct@c46bcd4]" name="validateDeletedProductDetails" duration-ms="381" started-at="2022-07-28T14:49:57 CDT" finished-at="2022-07-28T14:49:57 CDT">
          <reporter-output>
          </reporter-output>
        </test-method> <!-- validateDeletedProductDetails -->
      </class> <!-- testCases.DeleteOneProduct -->
    </test> <!-- Default test -->
  </suite> <!-- Default suite -->
</testng-results>
